/home/sk-gamma/projects/bc-test/scripts/daily-push.sh: line 19: update-time.log: Permission denied
[main a046002] Daily automatic update: 2025-07-21 11:40:01
 4 files changed, 19 insertions(+), 8 deletions(-)
 create mode 100644 scripts/cron.log
 create mode 100644 scripts/update-time.log
/home/sk-gamma/projects/bc-test/scripts/git-push.sh: line 6: .env: No such file or directory
Error: GITHUB_TOKEN not found in .env file
[main 2fc3e09] Daily automatic update: 2025-07-21 11:46:01
 3 files changed, 42 insertions(+)
 create mode 100755 scripts/#daily-push.sh#
 mode change 100644 => 100755 scripts/update-time.log
/home/sk-gamma/projects/bc-test/scripts/git-push.sh: line 6: .env: No such file or directory
Error: GITHUB_TOKEN not found in .env file
[main 00d6bfe] Daily automatic update: 2025-07-21 11:50:01
 4 files changed, 8 insertions(+), 36 deletions(-)
 delete mode 100755 scripts/#daily-push.sh#
To https://github.com/suketech/bc-test.git
   1607ed2..00d6bfe  main -> main
Branch 'main' set up to track remote branch 'main' from 'origin'.
Push completed successfully!
[main a8bbd7f] Daily automatic update: 2025-07-22 03:01:01
 2 files changed, 8 insertions(+)
To https://github.com/suketech/bc-test.git
   00d6bfe..a8bbd7f  main -> main
Branch 'main' set up to track remote branch 'main' from 'origin'.
Push completed successfully!
[main 1ba6784] Daily automatic update: 2025-07-23 03:01:01
 2 files changed, 7 insertions(+)
To https://github.com/suketech/bc-test.git
   a8bbd7f..1ba6784  main -> main
Branch 'main' set up to track remote branch 'main' from 'origin'.
Push completed successfully!
